[
    {
        "type": "CouldNotConvertTeXMath",
        "verbosity": "WARNING",
        "contents": "\\set{C} \\subseteq V",
        "message": "\\set{C} \\subseteq V\n    ^\nunexpected control sequence \\set\nexpecting \"%\", \"\\\\label\", \"\\\\tag\", \"\\\\nonumber\" or whitespace"
    },
    {
        "type": "CouldNotConvertTeXMath",
        "verbosity": "WARNING",
        "contents": "\\set{C}",
        "message": "\\set{C}\n    ^\nunexpected control sequence \\set\nexpecting \"%\", \"\\\\label\", \"\\\\tag\", \"\\\\nonumber\" or whitespace"
    },
    {
        "type": "CouldNotConvertTeXMath",
        "verbosity": "WARNING",
        "contents": "\\vvec{x}",
        "message": "\\vvec{x}\n     ^\nunexpected control sequence \\vvec\nexpecting \"%\", \"\\\\label\", \"\\\\tag\", \"\\\\nonumber\" or whitespace"
    },
    {
        "type": "CouldNotConvertTeXMath",
        "verbosity": "WARNING",
        "contents": "\\set{C}",
        "message": "\\set{C}\n    ^\nunexpected control sequence \\set\nexpecting \"%\", \"\\\\label\", \"\\\\tag\", \"\\\\nonumber\" or whitespace"
    },
    {
        "type": "CouldNotConvertTeXMath",
        "verbosity": "WARNING",
        "contents": "\\vvec{x}",
        "message": "\\vvec{x}\n     ^\nunexpected control sequence \\vvec\nexpecting \"%\", \"\\\\label\", \"\\\\tag\", \"\\\\nonumber\" or whitespace"
    },
    {
        "type": "CouldNotConvertTeXMath",
        "verbosity": "WARNING",
        "contents": "\\vvec{y} \\in \\set{C}",
        "message": "\\vvec{y} \\in \\set{C}\n     ^\nunexpected control sequence \\vvec\nexpecting \"%\", \"\\\\label\", \"\\\\tag\", \"\\\\nonumber\" or whitespace"
    },
    {
        "type": "CouldNotConvertTeXMath",
        "verbosity": "WARNING",
        "contents": "d(\\vvec{x},\\vvec{y}) \\geq 0",
        "message": "d(\\vvec{x},\\vvec{y}) \\geq 0\n       ^\nunexpected control sequence \\vvec\nexpecting \"%\", \"\\\\label\", \"\\\\tag\", \"\\\\nonumber\" or whitespace"
    },
    {
        "type": "CouldNotConvertTeXMath",
        "verbosity": "WARNING",
        "contents": "\\vvec{x}^\\transp \\vvec{y}",
        "message": "\\vvec{x}^\\transp \\vvec{y}\n     ^\nunexpected control sequence \\vvec\nexpecting \"%\", \"\\\\label\", \"\\\\tag\", \"\\\\nonumber\" or whitespace"
    },
    {
        "type": "CouldNotConvertTeXMath",
        "verbosity": "WARNING",
        "contents": "\\norm{\\vvec{x}}_2 := \\sqrt{\\vvec{x}^\\transp \\vvec{x}} \\geq 0",
        "message": "\\norm{\\vvec{x}}_2 := \\sqrt{\\vvec{x}^\\tra\n     ^\nunexpected control sequence \\norm\nexpecting \"%\", \"\\\\label\", \"\\\\tag\", \"\\\\nonumber\" or whitespace"
    },
    {
        "type": "CouldNotConvertTeXMath",
        "verbosity": "WARNING",
        "contents": "d(\\vvec{x},\\vvec{y})",
        "message": "d(\\vvec{x},\\vvec{y})\n       ^\nunexpected control sequence \\vvec\nexpecting \"%\", \"\\\\label\", \"\\\\tag\", \"\\\\nonumber\" or whitespace"
    },
    {
        "type": "CouldNotConvertTeXMath",
        "verbosity": "WARNING",
        "contents": "\\vvec{x},\\vvec{y} \\in \\mathbb{E}^3",
        "message": "\\vvec{x},\\vvec{y} \\in \\mathbb{E}^3\n     ^\nunexpected control sequence \\vvec\nexpecting \"%\", \"\\\\label\", \"\\\\tag\", \"\\\\nonumber\" or whitespace"
    },
    {
        "type": "CouldNotConvertTeXMath",
        "verbosity": "WARNING",
        "contents": "\\prox{C}(\\vvec{p})",
        "message": "\\prox{C}(\\vvec{p})\n     ^\nunexpected control sequence \\prox\nexpecting \"%\", \"\\\\label\", \"\\\\tag\", \"\\\\nonumber\" or whitespace"
    },
    {
        "type": "CouldNotConvertTeXMath",
        "verbosity": "WARNING",
        "contents": "\\vvec{p}",
        "message": "\\vvec{p}\n     ^\nunexpected control sequence \\vvec\nexpecting \"%\", \"\\\\label\", \"\\\\tag\", \"\\\\nonumber\" or whitespace"
    },
    {
        "type": "CouldNotConvertTeXMath",
        "verbosity": "WARNING",
        "contents": "\\set{C}",
        "message": "\\set{C}\n    ^\nunexpected control sequence \\set\nexpecting \"%\", \"\\\\label\", \"\\\\tag\", \"\\\\nonumber\" or whitespace"
    },
    {
        "type": "CouldNotConvertTeXMath",
        "verbosity": "WARNING",
        "contents": "\\prox{C}(\\vvec{p})",
        "message": "\\prox{C}(\\vvec{p})\n     ^\nunexpected control sequence \\prox\nexpecting \"%\", \"\\\\label\", \"\\\\tag\", \"\\\\nonumber\" or whitespace"
    },
    {
        "type": "CouldNotConvertTeXMath",
        "verbosity": "WARNING",
        "contents": "\\vvec{x}",
        "message": "\\vvec{x}\n     ^\nunexpected control sequence \\vvec\nexpecting \"%\", \"\\\\label\", \"\\\\tag\", \"\\\\nonumber\" or whitespace"
    },
    {
        "type": "CouldNotConvertTeXMath",
        "verbosity": "WARNING",
        "contents": "\\set{C}",
        "message": "\\set{C}\n    ^\nunexpected control sequence \\set\nexpecting \"%\", \"\\\\label\", \"\\\\tag\", \"\\\\nonumber\" or whitespace"
    },
    {
        "type": "CouldNotConvertTeXMath",
        "verbosity": "WARNING",
        "contents": "\\vvec{p}",
        "message": "\\vvec{p}\n     ^\nunexpected control sequence \\vvec\nexpecting \"%\", \"\\\\label\", \"\\\\tag\", \"\\\\nonumber\" or whitespace"
    },
    {
        "type": "CouldNotConvertTeXMath",
        "verbosity": "WARNING",
        "contents": "\\ncone{C}",
        "message": "\\ncone{C}\n      ^\nunexpected control sequence \\ncone\nexpecting \"%\", \"\\\\label\", \"\\\\tag\", \"\\\\nonumber\" or whitespace"
    },
    {
        "type": "CouldNotConvertTeXMath",
        "verbosity": "WARNING",
        "contents": "\\set{C}",
        "message": "\\set{C}\n    ^\nunexpected control sequence \\set\nexpecting \"%\", \"\\\\label\", \"\\\\tag\", \"\\\\nonumber\" or whitespace"
    },
    {
        "type": "CouldNotConvertTeXMath",
        "verbosity": "WARNING",
        "contents": "\\vvec{x} \\in \\set{C}",
        "message": "\\vvec{x} \\in \\set{C}\n     ^\nunexpected control sequence \\vvec\nexpecting \"%\", \"\\\\label\", \"\\\\tag\", \"\\\\nonumber\" or whitespace"
    },
    {
        "type": "CouldNotConvertTeXMath",
        "verbosity": "WARNING",
        "contents": "\\ncone{C}(\\vvec{x})",
        "message": "\\ncone{C}(\\vvec{x})\n      ^\nunexpected control sequence \\ncone\nexpecting \"%\", \"\\\\label\", \"\\\\tag\", \"\\\\nonumber\" or whitespace"
    },
    {
        "type": "CouldNotConvertTeXMath",
        "verbosity": "WARNING",
        "contents": "\\vvec{y}",
        "message": "\\vvec{y}\n     ^\nunexpected control sequence \\vvec\nexpecting \"%\", \"\\\\label\", \"\\\\tag\", \"\\\\nonumber\" or whitespace"
    },
    {
        "type": "CouldNotConvertTeXMath",
        "verbosity": "WARNING",
        "contents": "\\vvec{x}",
        "message": "\\vvec{x}\n     ^\nunexpected control sequence \\vvec\nexpecting \"%\", \"\\\\label\", \"\\\\tag\", \"\\\\nonumber\" or whitespace"
    },
    {
        "type": "CouldNotConvertTeXMath",
        "verbosity": "WARNING",
        "contents": "\\vvec{x}",
        "message": "\\vvec{x}\n     ^\nunexpected control sequence \\vvec\nexpecting \"%\", \"\\\\label\", \"\\\\tag\", \"\\\\nonumber\" or whitespace"
    },
    {
        "type": "CouldNotConvertTeXMath",
        "verbosity": "WARNING",
        "contents": "\\set{C}",
        "message": "\\set{C}\n    ^\nunexpected control sequence \\set\nexpecting \"%\", \"\\\\label\", \"\\\\tag\", \"\\\\nonumber\" or whitespace"
    },
    {
        "type": "CouldNotConvertTeXMath",
        "verbosity": "WARNING",
        "contents": "\\vvec{x}^* - \\vvec{x}",
        "message": "\\vvec{x}^* - \\vvec{x}\n     ^\nunexpected control sequence \\vvec\nexpecting \"%\", \"\\\\label\", \"\\\\tag\", \"\\\\nonumber\" or whitespace"
    },
    {
        "type": "CouldNotConvertTeXMath",
        "verbosity": "WARNING",
        "contents": "\\ncone{C}(\\vvec{x})",
        "message": "\\ncone{C}(\\vvec{x})\n      ^\nunexpected control sequence \\ncone\nexpecting \"%\", \"\\\\label\", \"\\\\tag\", \"\\\\nonumber\" or whitespace"
    },
    {
        "type": "CouldNotConvertTeXMath",
        "verbosity": "WARNING",
        "contents": "\\vvec{x}",
        "message": "\\vvec{x}\n     ^\nunexpected control sequence \\vvec\nexpecting \"%\", \"\\\\label\", \"\\\\tag\", \"\\\\nonumber\" or whitespace"
    },
    {
        "type": "CouldNotConvertTeXMath",
        "verbosity": "WARNING",
        "contents": "\\set{C}",
        "message": "\\set{C}\n    ^\nunexpected control sequence \\set\nexpecting \"%\", \"\\\\label\", \"\\\\tag\", \"\\\\nonumber\" or whitespace"
    },
    {
        "type": "CouldNotConvertTeXMath",
        "verbosity": "WARNING",
        "contents": "\\prox{C}",
        "message": "\\prox{C}\n     ^\nunexpected control sequence \\prox\nexpecting \"%\", \"\\\\label\", \"\\\\tag\", \"\\\\nonumber\" or whitespace"
    },
    {
        "type": "CouldNotConvertTeXMath",
        "verbosity": "WARNING",
        "contents": "\\ncone{C}",
        "message": "\\ncone{C}\n      ^\nunexpected control sequence \\ncone\nexpecting \"%\", \"\\\\label\", \"\\\\tag\", \"\\\\nonumber\" or whitespace"
    },
    {
        "type": "CouldNotConvertTeXMath",
        "verbosity": "WARNING",
        "contents": "\\vvec{a} \\in \\set{B}",
        "message": "\\vvec{a} \\in \\set{B}\n     ^\nunexpected control sequence \\vvec\nexpecting \"%\", \"\\\\label\", \"\\\\tag\", \"\\\\nonumber\" or whitespace"
    },
    {
        "type": "CouldNotConvertTeXMath",
        "verbosity": "WARNING",
        "contents": "\\vvec{p}-\\vvec{x}",
        "message": "\\vvec{p}-\\vvec{x}\n     ^\nunexpected control sequence \\vvec\nexpecting \"%\", \"\\\\label\", \"\\\\tag\", \"\\\\nonumber\" or whitespace"
    },
    {
        "type": "CouldNotConvertTeXMath",
        "verbosity": "WARNING",
        "contents": "\\ncone{C}(\\vvec{x})",
        "message": "\\ncone{C}(\\vvec{x})\n      ^\nunexpected control sequence \\ncone\nexpecting \"%\", \"\\\\label\", \"\\\\tag\", \"\\\\nonumber\" or whitespace"
    },
    {
        "type": "CouldNotConvertTeXMath",
        "verbosity": "WARNING",
        "contents": "\\vvec{p}",
        "message": "\\vvec{p}\n     ^\nunexpected control sequence \\vvec\nexpecting \"%\", \"\\\\label\", \"\\\\tag\", \"\\\\nonumber\" or whitespace"
    },
    {
        "type": "CouldNotConvertTeXMath",
        "verbosity": "WARNING",
        "contents": "\\vvec{p}",
        "message": "\\vvec{p}\n     ^\nunexpected control sequence \\vvec\nexpecting \"%\", \"\\\\label\", \"\\\\tag\", \"\\\\nonumber\" or whitespace"
    },
    {
        "type": "CouldNotConvertTeXMath",
        "verbosity": "WARNING",
        "contents": "f(\\vvec{x}) \\in \\mathbb{R}",
        "message": "f(\\vvec{x}) \\in \\mathbb{R}\n       ^\nunexpected control sequence \\vvec\nexpecting \"%\", \"\\\\label\", \"\\\\tag\", \"\\\\nonumber\" or whitespace"
    },
    {
        "type": "CouldNotConvertTeXMath",
        "verbosity": "WARNING",
        "contents": "\\vvec{x} \\in \\mathbb{R}^2",
        "message": "\\vvec{x} \\in \\mathbb{R}^2\n     ^\nunexpected control sequence \\vvec\nexpecting \"%\", \"\\\\label\", \"\\\\tag\", \"\\\\nonumber\" or whitespace"
    },
    {
        "type": "CouldNotConvertTeXMath",
        "verbosity": "WARNING",
        "contents": "\\vvec{x}",
        "message": "\\vvec{x}\n     ^\nunexpected control sequence \\vvec\nexpecting \"%\", \"\\\\label\", \"\\\\tag\", \"\\\\nonumber\" or whitespace"
    },
    {
        "type": "CouldNotConvertTeXMath",
        "verbosity": "WARNING",
        "contents": "\\set{C}",
        "message": "\\set{C}\n    ^\nunexpected control sequence \\set\nexpecting \"%\", \"\\\\label\", \"\\\\tag\", \"\\\\nonumber\" or whitespace"
    },
    {
        "type": "CouldNotConvertTeXMath",
        "verbosity": "WARNING",
        "contents": "\\vvec{x}^*",
        "message": "\\vvec{x}^*\n     ^\nunexpected control sequence \\vvec\nexpecting \"%\", \"\\\\label\", \"\\\\tag\", \"\\\\nonumber\" or whitespace"
    },
    {
        "type": "CouldNotConvertTeXMath",
        "verbosity": "WARNING",
        "contents": "\\vvec{x} \\in \\set{C}",
        "message": "\\vvec{x} \\in \\set{C}\n     ^\nunexpected control sequence \\vvec\nexpecting \"%\", \"\\\\label\", \"\\\\tag\", \"\\\\nonumber\" or whitespace"
    },
    {
        "type": "CouldNotConvertTeXMath",
        "verbosity": "WARNING",
        "contents": "\\indf{C}(\\vvec{x})",
        "message": "\\indf{C}(\\vvec{x})\n     ^\nunexpected control sequence \\indf\nexpecting \"%\", \"\\\\label\", \"\\\\tag\", \"\\\\nonumber\" or whitespace"
    },
    {
        "type": "CouldNotConvertTeXMath",
        "verbosity": "WARNING",
        "contents": "\\indf{C}(\\vvec{x})",
        "message": "\\indf{C}(\\vvec{x})\n     ^\nunexpected control sequence \\indf\nexpecting \"%\", \"\\\\label\", \"\\\\tag\", \"\\\\nonumber\" or whitespace"
    },
    {
        "type": "CouldNotConvertTeXMath",
        "verbosity": "WARNING",
        "contents": "\\vvec{x} \\in \\set{C}",
        "message": "\\vvec{x} \\in \\set{C}\n     ^\nunexpected control sequence \\vvec\nexpecting \"%\", \"\\\\label\", \"\\\\tag\", \"\\\\nonumber\" or whitespace"
    },
    {
        "type": "CouldNotConvertTeXMath",
        "verbosity": "WARNING",
        "contents": "\\vvec{x}^*",
        "message": "\\vvec{x}^*\n     ^\nunexpected control sequence \\vvec\nexpecting \"%\", \"\\\\label\", \"\\\\tag\", \"\\\\nonumber\" or whitespace"
    },
    {
        "type": "CouldNotConvertTeXMath",
        "verbosity": "WARNING",
        "contents": "\\vvec{0}",
        "message": "\\vvec{0}\n     ^\nunexpected control sequence \\vvec\nexpecting \"%\", \"\\\\label\", \"\\\\tag\", \"\\\\nonumber\" or whitespace"
    },
    {
        "type": "CouldNotConvertTeXMath",
        "verbosity": "WARNING",
        "contents": "\\frac{df}{d\\vvec{x}}",
        "message": "\\frac{df}{d\\vvec{x}}\n                ^\nunexpected control sequence \\vvec\nexpecting \"%\", \"\\\\label\", \"\\\\tag\", \"\\\\nonumber\" or whitespace"
    },
    {
        "type": "CouldNotConvertTeXMath",
        "verbosity": "WARNING",
        "contents": "\\vvec{x}^*",
        "message": "\\vvec{x}^*\n     ^\nunexpected control sequence \\vvec\nexpecting \"%\", \"\\\\label\", \"\\\\tag\", \"\\\\nonumber\" or whitespace"
    },
    {
        "type": "CouldNotConvertTeXMath",
        "verbosity": "WARNING",
        "contents": "\\eqref{eq:convexproblem}",
        "message": "\\eqref{eq:convexproblem}\n      ^\nunexpected control sequence \\eqref\nexpecting \"%\", \"\\\\label\", \"\\\\tag\", \"\\\\nonumber\" or whitespace"
    },
    {
        "type": "CouldNotConvertTeXMath",
        "verbosity": "WARNING",
        "contents": "\\indf{C}",
        "message": "\\indf{C}\n     ^\nunexpected control sequence \\indf\nexpecting \"%\", \"\\\\label\", \"\\\\tag\", \"\\\\nonumber\" or whitespace"
    },
    {
        "type": "CouldNotConvertTeXMath",
        "verbosity": "WARNING",
        "contents": "f(\\vvec{x})",
        "message": "f(\\vvec{x})\n       ^\nunexpected control sequence \\vvec\nexpecting \"%\", \"\\\\label\", \"\\\\tag\", \"\\\\nonumber\" or whitespace"
    },
    {
        "type": "CouldNotConvertTeXMath",
        "verbosity": "WARNING",
        "contents": "\\vvec{0}",
        "message": "\\vvec{0}\n     ^\nunexpected control sequence \\vvec\nexpecting \"%\", \"\\\\label\", \"\\\\tag\", \"\\\\nonumber\" or whitespace"
    },
    {
        "type": "CouldNotConvertTeXMath",
        "verbosity": "WARNING",
        "contents": "\\eqref{eq:optimality-difffunc}",
        "message": "\\eqref{eq:optimality-difffunc}\n      ^\nunexpected control sequence \\eqref\nexpecting \"%\", \"\\\\label\", \"\\\\tag\", \"\\\\nonumber\" or whitespace"
    },
    {
        "type": "CouldNotConvertTeXMath",
        "verbosity": "WARNING",
        "contents": "\\vvec{0} \\in \\dots",
        "message": "\\vvec{0} \\in \\dots\n     ^\nunexpected control sequence \\vvec\nexpecting \"%\", \"\\\\label\", \"\\\\tag\", \"\\\\nonumber\" or whitespace"
    },
    {
        "type": "CouldNotConvertTeXMath",
        "verbosity": "WARNING",
        "contents": "\\frac{d}{d\\vvec{x}}\\indf{C}",
        "message": "\\frac{d}{d\\vvec{x}}\\indf{C}\n               ^\nunexpected control sequence \\vvec\nexpecting \"%\", \"\\\\label\", \"\\\\tag\", \"\\\\nonumber\" or whitespace"
    },
    {
        "type": "CouldNotConvertTeXMath",
        "verbosity": "WARNING",
        "contents": "\\partial_{\\vvec{x}} \\indf{C}",
        "message": "\\partial_{\\vvec{x}} \\indf{C}\n               ^\nunexpected control sequence \\vvec\nexpecting \"%\", \"\\\\label\", \"\\\\tag\", \"\\\\nonumber\" or whitespace"
    },
    {
        "type": "CouldNotConvertTeXMath",
        "verbosity": "WARNING",
        "contents": "\\eqref{eq:optimality-difffunc}",
        "message": "\\eqref{eq:optimality-difffunc}\n      ^\nunexpected control sequence \\eqref\nexpecting \"%\", \"\\\\label\", \"\\\\tag\", \"\\\\nonumber\" or whitespace"
    },
    {
        "type": "CouldNotConvertTeXMath",
        "verbosity": "WARNING",
        "contents": "\\partial_{\\vvec{x}} \\indf{C}(\\vvec{x})",
        "message": "\\partial_{\\vvec{x}} \\indf{C}(\\vvec{x})\n               ^\nunexpected control sequence \\vvec\nexpecting \"%\", \"\\\\label\", \"\\\\tag\", \"\\\\nonumber\" or whitespace"
    },
    {
        "type": "CouldNotConvertTeXMath",
        "verbosity": "WARNING",
        "contents": "\\ncone{C}(\\vvec{x})",
        "message": "\\ncone{C}(\\vvec{x})\n      ^\nunexpected control sequence \\ncone\nexpecting \"%\", \"\\\\label\", \"\\\\tag\", \"\\\\nonumber\" or whitespace"
    },
    {
        "type": "CouldNotConvertTeXMath",
        "verbosity": "WARNING",
        "contents": "\\eqref{eq:prox-to-ncone}",
        "message": "\\eqref{eq:prox-to-ncone}\n      ^\nunexpected control sequence \\eqref\nexpecting \"%\", \"\\\\label\", \"\\\\tag\", \"\\\\nonumber\" or whitespace"
    },
    {
        "type": "CouldNotConvertTeXMath",
        "verbosity": "WARNING",
        "contents": "\\vvec{x}^*",
        "message": "\\vvec{x}^*\n     ^\nunexpected control sequence \\vvec\nexpecting \"%\", \"\\\\label\", \"\\\\tag\", \"\\\\nonumber\" or whitespace"
    }
]